24-03-29 14:20:29.597 : 02_RepRLFN_baseline
24-03-29 14:20:30.385 : 0901x4.png - PSNR: 40.45 dB
24-03-29 14:20:31.047 : 0902x4.png - PSNR: 34.95 dB
24-03-29 14:20:32.032 : 0903x4.png - PSNR: 35.47 dB
24-03-29 14:20:33.243 : 0904x4.png - PSNR: 42.12 dB
24-03-29 14:20:33.921 : 0905x4.png - PSNR: 28.73 dB
24-03-29 14:20:34.634 : 0906x4.png - PSNR: 32.61 dB
24-03-29 14:20:35.439 : 0907x4.png - PSNR: 36.41 dB
24-03-29 14:20:36.155 : 0908x4.png - PSNR: 36.17 dB
24-03-29 14:20:37.119 : 0909x4.png - PSNR: 34.86 dB
24-03-29 14:20:37.897 : 0910x4.png - PSNR: 31.36 dB
24-03-29 14:20:38.620 : 0911x4.png - PSNR: 43.20 dB
24-03-29 14:20:39.222 : 0912x4.png - PSNR: 40.06 dB
24-03-29 14:20:39.983 : 0913x4.png - PSNR: 28.16 dB
24-03-29 14:20:40.543 : 0914x4.png - PSNR: 29.22 dB
24-03-29 14:20:41.304 : 0915x4.png - PSNR: 26.56 dB
24-03-29 14:20:42.004 : 0916x4.png - PSNR: 33.85 dB
24-03-29 14:20:42.689 : 0917x4.png - PSNR: 28.10 dB
24-03-29 14:20:43.345 : 0918x4.png - PSNR: 32.91 dB
24-03-29 14:20:44.015 : 0919x4.png - PSNR: 26.72 dB
24-03-29 14:20:44.888 : 0920x4.png - PSNR: 31.36 dB
24-03-29 14:20:45.588 : 0921x4.png - PSNR: 33.72 dB
24-03-29 14:20:46.305 : 0922x4.png - PSNR: 33.44 dB
24-03-29 14:20:47.254 : 0923x4.png - PSNR: 34.08 dB
24-03-29 14:20:48.009 : 0924x4.png - PSNR: 23.43 dB
24-03-29 14:20:49.038 : 0925x4.png - PSNR: 32.86 dB
24-03-29 14:20:49.573 : 0926x4.png - PSNR: 31.04 dB
24-03-29 14:20:50.078 : 0927x4.png - PSNR: 38.61 dB
24-03-29 14:20:50.796 : 0928x4.png - PSNR: 34.79 dB
24-03-29 14:20:51.472 : 0929x4.png - PSNR: 31.34 dB
24-03-29 14:20:52.094 : 0930x4.png - PSNR: 37.95 dB
24-03-29 14:20:52.762 : 0931x4.png - PSNR: 34.05 dB
24-03-29 14:20:53.434 : 0932x4.png - PSNR: 36.65 dB
24-03-29 14:20:54.079 : 0933x4.png - PSNR: 44.18 dB
24-03-29 14:20:54.685 : 0934x4.png - PSNR: 38.43 dB
24-03-29 14:20:55.408 : 0935x4.png - PSNR: 30.25 dB
24-03-29 14:20:56.338 : 0936x4.png - PSNR: 35.31 dB
24-03-29 14:20:57.016 : 0937x4.png - PSNR: 37.82 dB
24-03-29 14:20:57.633 : 0938x4.png - PSNR: 32.22 dB
24-03-29 14:20:58.267 : 0939x4.png - PSNR: 32.73 dB
24-03-29 14:20:58.920 : 0940x4.png - PSNR: 37.84 dB
24-03-29 14:20:59.981 : 0941x4.png - PSNR: 30.19 dB
24-03-29 14:21:00.732 : 0942x4.png - PSNR: 35.73 dB
24-03-29 14:21:01.490 : 0943x4.png - PSNR: 31.66 dB
24-03-29 14:21:02.470 : 0944x4.png - PSNR: 35.66 dB
24-03-29 14:21:03.428 : 0945x4.png - PSNR: 29.75 dB
24-03-29 14:21:04.215 : 0946x4.png - PSNR: 35.77 dB
24-03-29 14:21:04.775 : 0947x4.png - PSNR: 32.58 dB
24-03-29 14:21:05.494 : 0948x4.png - PSNR: 34.75 dB
24-03-29 14:21:06.189 : 0949x4.png - PSNR: 34.23 dB
24-03-29 14:21:06.900 : 0950x4.png - PSNR: 38.98 dB
24-03-29 14:21:07.614 : 0951x4.png - PSNR: 31.53 dB
24-03-29 14:21:08.313 : 0952x4.png - PSNR: 34.56 dB
24-03-29 14:21:09.105 : 0953x4.png - PSNR: 38.54 dB
24-03-29 14:21:09.764 : 0954x4.png - PSNR: 30.25 dB
24-03-29 14:21:10.488 : 0955x4.png - PSNR: 31.86 dB
24-03-29 14:21:11.261 : 0956x4.png - PSNR: 30.99 dB
24-03-29 14:21:12.240 : 0957x4.png - PSNR: 29.68 dB
24-03-29 14:21:12.964 : 0958x4.png - PSNR: 24.88 dB
24-03-29 14:21:13.706 : 0959x4.png - PSNR: 34.18 dB
24-03-29 14:21:14.566 : 0960x4.png - PSNR: 32.66 dB
24-03-29 14:21:15.323 : 0961x4.png - PSNR: 42.70 dB
24-03-29 14:21:16.014 : 0962x4.png - PSNR: 31.95 dB
24-03-29 14:21:16.710 : 0963x4.png - PSNR: 38.30 dB
24-03-29 14:21:17.300 : 0964x4.png - PSNR: 33.79 dB
24-03-29 14:21:18.010 : 0965x4.png - PSNR: 31.81 dB
24-03-29 14:21:18.736 : 0966x4.png - PSNR: 31.03 dB
24-03-29 14:21:19.440 : 0967x4.png - PSNR: 39.47 dB
24-03-29 14:21:20.034 : 0968x4.png - PSNR: 32.45 dB
24-03-29 14:21:20.468 : 0969x4.png - PSNR: 31.75 dB
24-03-29 14:21:21.313 : 0970x4.png - PSNR: 38.08 dB
24-03-29 14:21:22.120 : 0971x4.png - PSNR: 35.76 dB
24-03-29 14:21:22.849 : 0972x4.png - PSNR: 36.86 dB
24-03-29 14:21:23.564 : 0973x4.png - PSNR: 30.43 dB
24-03-29 14:21:24.236 : 0974x4.png - PSNR: 32.39 dB
24-03-29 14:21:24.928 : 0975x4.png - PSNR: 32.46 dB
24-03-29 14:21:25.607 : 0976x4.png - PSNR: 36.50 dB
24-03-29 14:21:26.314 : 0977x4.png - PSNR: 29.43 dB
24-03-29 14:21:26.990 : 0978x4.png - PSNR: 25.86 dB
24-03-29 14:21:27.843 : 0979x4.png - PSNR: 41.10 dB
24-03-29 14:21:28.524 : 0980x4.png - PSNR: 31.01 dB
24-03-29 14:21:29.769 : 0981x4.png - PSNR: 29.81 dB
24-03-29 14:21:30.524 : 0982x4.png - PSNR: 32.16 dB
24-03-29 14:21:31.124 : 0983x4.png - PSNR: 32.65 dB
24-03-29 14:21:31.644 : 0984x4.png - PSNR: 33.34 dB
24-03-29 14:21:32.358 : 0985x4.png - PSNR: 31.20 dB
24-03-29 14:21:33.455 : 0986x4.png - PSNR: 34.17 dB
24-03-29 14:21:34.242 : 0987x4.png - PSNR: 31.08 dB
24-03-29 14:21:34.995 : 0988x4.png - PSNR: 34.55 dB
24-03-29 14:21:35.757 : 0989x4.png - PSNR: 33.07 dB
24-03-29 14:21:36.461 : 0990x4.png - PSNR: 29.82 dB
24-03-29 14:21:37.632 : 0991x4.png - PSNR: 23.73 dB
24-03-29 14:21:38.424 : 0992x4.png - PSNR: 31.22 dB
24-03-29 14:21:38.968 : 0993x4.png - PSNR: 27.33 dB
24-03-29 14:21:39.590 : 0994x4.png - PSNR: 24.63 dB
24-03-29 14:21:40.470 : 0995x4.png - PSNR: 24.12 dB
24-03-29 14:21:41.338 : 0996x4.png - PSNR: 41.41 dB
24-03-29 14:21:41.936 : 0997x4.png - PSNR: 32.53 dB
24-03-29 14:21:42.614 : 0998x4.png - PSNR: 28.76 dB
24-03-29 14:21:43.185 : 0999x4.png - PSNR: 28.60 dB
24-03-29 14:21:44.162 : 1000x4.png - PSNR: 33.11 dB
24-03-29 14:21:44.317 :     Average PSNR : 33.23
24-03-29 14:21:44.317 :       Max Memery : 841.812
24-03-29 14:21:44.317 : ------> Average runtime of (test) is : 353.206716 seconds
24-03-29 14:21:44.450 :            FLOPs : 144.3162 [G]
24-03-29 14:21:44.450 :          #Params : 0.2895 [M]
24-03-29 14:24:14.629 : 02_HAT_baseline
24-03-29 14:24:23.991 : 0901x4.png - PSNR: 39.98 dB
24-03-29 14:24:33.979 : 0902x4.png - PSNR: 34.36 dB
24-03-29 14:24:42.084 : 0903x4.png - PSNR: 35.02 dB
24-03-29 14:24:50.265 : 0904x4.png - PSNR: 41.86 dB
24-03-29 14:24:57.672 : 0905x4.png - PSNR: 27.86 dB
24-03-29 14:25:05.095 : 0906x4.png - PSNR: 32.07 dB
24-03-29 14:25:13.235 : 0907x4.png - PSNR: 35.94 dB
24-03-29 14:25:20.641 : 0908x4.png - PSNR: 36.32 dB
24-03-29 14:25:28.051 : 0909x4.png - PSNR: 34.40 dB
24-03-29 14:25:35.459 : 0910x4.png - PSNR: 30.59 dB
24-03-29 14:25:42.519 : 0911x4.png - PSNR: 43.04 dB
24-03-29 14:25:48.224 : 0912x4.png - PSNR: 39.99 dB
24-03-29 14:25:55.603 : 0913x4.png - PSNR: 26.90 dB
24-03-29 14:26:01.643 : 0914x4.png - PSNR: 28.46 dB
24-03-29 14:26:09.050 : 0915x4.png - PSNR: 26.07 dB
24-03-29 14:26:16.480 : 0916x4.png - PSNR: 32.50 dB
24-03-29 14:26:23.892 : 0917x4.png - PSNR: 27.32 dB
24-03-29 14:26:31.292 : 0918x4.png - PSNR: 32.76 dB
24-03-29 14:26:38.698 : 0919x4.png - PSNR: 25.71 dB
24-03-29 14:26:46.104 : 0920x4.png - PSNR: 30.96 dB
24-03-29 14:26:53.534 : 0921x4.png - PSNR: 33.33 dB
24-03-29 14:27:00.959 : 0922x4.png - PSNR: 32.20 dB
24-03-29 14:27:10.140 : 0923x4.png - PSNR: 32.97 dB
24-03-29 14:27:17.563 : 0924x4.png - PSNR: 22.25 dB
24-03-29 14:27:25.361 : 0925x4.png - PSNR: 32.12 dB
24-03-29 14:27:30.366 : 0926x4.png - PSNR: 30.28 dB
24-03-29 14:27:35.719 : 0927x4.png - PSNR: 37.74 dB
24-03-29 14:27:43.109 : 0928x4.png - PSNR: 34.21 dB
24-03-29 14:27:50.525 : 0929x4.png - PSNR: 30.27 dB
24-03-29 14:27:57.926 : 0930x4.png - PSNR: 37.18 dB
24-03-29 14:28:05.337 : 0931x4.png - PSNR: 32.76 dB
24-03-29 14:28:12.762 : 0932x4.png - PSNR: 36.47 dB
24-03-29 14:28:20.165 : 0933x4.png - PSNR: 43.43 dB
24-03-29 14:28:27.553 : 0934x4.png - PSNR: 38.08 dB
24-03-29 14:28:34.971 : 0935x4.png - PSNR: 29.25 dB
24-03-29 14:28:42.733 : 0936x4.png - PSNR: 34.48 dB
24-03-29 14:28:50.114 : 0937x4.png - PSNR: 37.71 dB
24-03-29 14:28:57.512 : 0938x4.png - PSNR: 31.94 dB
24-03-29 14:29:04.936 : 0939x4.png - PSNR: 32.31 dB
24-03-29 14:29:12.003 : 0940x4.png - PSNR: 37.70 dB
24-03-29 14:29:20.100 : 0941x4.png - PSNR: 28.97 dB
24-03-29 14:29:27.499 : 0942x4.png - PSNR: 35.61 dB
24-03-29 14:29:34.920 : 0943x4.png - PSNR: 31.26 dB
24-03-29 14:29:42.330 : 0944x4.png - PSNR: 34.12 dB
24-03-29 14:29:50.442 : 0945x4.png - PSNR: 28.77 dB
24-03-29 14:29:57.870 : 0946x4.png - PSNR: 35.29 dB
24-03-29 14:30:03.559 : 0947x4.png - PSNR: 31.94 dB
24-03-29 14:30:11.665 : 0948x4.png - PSNR: 34.25 dB
24-03-29 14:30:19.070 : 0949x4.png - PSNR: 33.22 dB
24-03-29 14:30:26.483 : 0950x4.png - PSNR: 38.96 dB
24-03-29 14:30:33.923 : 0951x4.png - PSNR: 30.85 dB
24-03-29 14:30:41.351 : 0952x4.png - PSNR: 34.10 dB
24-03-29 14:30:48.772 : 0953x4.png - PSNR: 37.97 dB
24-03-29 14:30:56.183 : 0954x4.png - PSNR: 29.44 dB
24-03-29 14:31:03.610 : 0955x4.png - PSNR: 30.94 dB
24-03-29 14:31:11.017 : 0956x4.png - PSNR: 30.59 dB
24-03-29 14:31:18.786 : 0957x4.png - PSNR: 29.24 dB
24-03-29 14:31:26.192 : 0958x4.png - PSNR: 23.94 dB
24-03-29 14:31:33.259 : 0959x4.png - PSNR: 32.91 dB
24-03-29 14:31:41.389 : 0960x4.png - PSNR: 32.02 dB
24-03-29 14:31:48.802 : 0961x4.png - PSNR: 42.69 dB
24-03-29 14:31:55.867 : 0962x4.png - PSNR: 31.09 dB
24-03-29 14:32:03.275 : 0963x4.png - PSNR: 37.60 dB
24-03-29 14:32:09.322 : 0964x4.png - PSNR: 33.12 dB
24-03-29 14:32:16.397 : 0965x4.png - PSNR: 30.82 dB
24-03-29 14:32:23.822 : 0966x4.png - PSNR: 30.23 dB
24-03-29 14:32:30.885 : 0967x4.png - PSNR: 39.51 dB
24-03-29 14:32:37.630 : 0968x4.png - PSNR: 31.05 dB
24-03-29 14:32:43.316 : 0969x4.png - PSNR: 30.93 dB
24-03-29 14:32:51.389 : 0970x4.png - PSNR: 37.52 dB
24-03-29 14:32:58.796 : 0971x4.png - PSNR: 34.93 dB
24-03-29 14:33:06.220 : 0972x4.png - PSNR: 35.55 dB
24-03-29 14:33:13.647 : 0973x4.png - PSNR: 29.55 dB
24-03-29 14:33:19.694 : 0974x4.png - PSNR: 31.51 dB
24-03-29 14:33:27.102 : 0975x4.png - PSNR: 32.02 dB
24-03-29 14:33:34.527 : 0976x4.png - PSNR: 36.14 dB
24-03-29 14:33:41.958 : 0977x4.png - PSNR: 28.29 dB
24-03-29 14:33:48.713 : 0978x4.png - PSNR: 24.61 dB
24-03-29 14:33:56.123 : 0979x4.png - PSNR: 40.11 dB
24-03-29 14:34:03.554 : 0980x4.png - PSNR: 29.62 dB
24-03-29 14:34:14.421 : 0981x4.png - PSNR: 29.02 dB
24-03-29 14:34:21.214 : 0982x4.png - PSNR: 31.50 dB
24-03-29 14:34:28.623 : 0983x4.png - PSNR: 32.35 dB
24-03-29 14:34:34.680 : 0984x4.png - PSNR: 32.96 dB
24-03-29 14:34:42.091 : 0985x4.png - PSNR: 29.58 dB
24-03-29 14:34:50.207 : 0986x4.png - PSNR: 33.81 dB
24-03-29 14:34:57.619 : 0987x4.png - PSNR: 30.68 dB
24-03-29 14:35:05.048 : 0988x4.png - PSNR: 33.93 dB
24-03-29 14:35:12.453 : 0989x4.png - PSNR: 32.75 dB
24-03-29 14:35:19.852 : 0990x4.png - PSNR: 29.23 dB
24-03-29 14:35:28.674 : 0991x4.png - PSNR: 23.01 dB
24-03-29 14:35:36.094 : 0992x4.png - PSNR: 30.22 dB
24-03-29 14:35:41.488 : 0993x4.png - PSNR: 26.37 dB
24-03-29 14:35:48.879 : 0994x4.png - PSNR: 23.87 dB
24-03-29 14:35:56.316 : 0995x4.png - PSNR: 22.95 dB
24-03-29 14:36:04.083 : 0996x4.png - PSNR: 41.17 dB
24-03-29 14:36:10.120 : 0997x4.png - PSNR: 30.89 dB
24-03-29 14:36:17.534 : 0998x4.png - PSNR: 27.91 dB
24-03-29 14:36:24.957 : 0999x4.png - PSNR: 28.34 dB
24-03-29 14:36:32.377 : 1000x4.png - PSNR: 32.53 dB
24-03-29 14:36:32.488 :     Average PSNR : 32.53
24-03-29 14:36:32.488 :       Max Memery : 9959.083
24-03-29 14:36:32.488 : ------> Average runtime of (test) is : 7061.631157 seconds
24-03-29 14:36:34.895 :            FLOPs : 5995.4608 [G]
24-03-29 14:36:34.898 :          #Params : 40.8466 [M]
